<?xml version="1.0" encoding="UTF-8"?>
<!-- Generated by org.testng.reporters.JUnitXMLReporter -->
<testsuite ignored="0" hostname="DESKTOP-MHBA7OI" failures="0" tests="2" name="Default test" time="12.66" errors="0" timestamp="2021-08-16T15:46:16 IST">
  <testcase classname="com.crm.tests.CreateAccountTestScripts" name="createAccountWithBillingAddress" time="6.861"/>
  <testcase classname="com.crm.tests.CreateAccountTestScripts" name="createAccountWithBillingAdressAndShippingAddress" time="0.7"/>
</testsuite> <!-- Default test -->
