<?xml version="1.0" encoding="UTF-8"?>
<!-- Generated by org.testng.reporters.JUnitXMLReporter -->
<testsuite ignored="0" hostname="DESKTOP-MHBA7OI" failures="0" tests="2" name="Crm Create Account Test" time="14.955" errors="0" timestamp="2021-08-17T15:14:31 IST">
  <testcase classname="com.crm.tests.CreateAccountTestScripts" name="createAccountWithBillingAddress" time="7.329"/>
  <testcase classname="com.crm.tests.CreateAccountTestScripts" name="createAccountWithBillingAdressAndShippingAddress" time="0.798"/>
</testsuite> <!-- Crm Create Account Test -->
