<?xml version="1.0" encoding="UTF-8"?>
<testng-results ignored="0" total="2" passed="2" failed="0" skipped="0">
  <reporter-output>
  </reporter-output>
  <suite started-at="2021-08-17T15:14:16 IST" name="Crm Regression suite" finished-at="2021-08-17T15:14:31 IST" duration-ms="14955">
    <groups>
    </groups>
    <test started-at="2021-08-17T15:14:16 IST" name="Crm Create Account Test" finished-at="2021-08-17T15:14:31 IST" duration-ms="14955">
      <class name="com.crm.tests.CreateAccountTestScripts">
        <test-method is-config="true" signature="init()[pri:0, instance:com.crm.tests.CreateAccountTestScripts@783a467b]" started-at="2021-08-17T15:14:16 IST" name="init" finished-at="2021-08-17T15:14:22 IST" duration-ms="6167" status="PASS">
          <reporter-output>
          </reporter-output>
        </test-method> <!-- init -->
        <test-method signature="createAccountWithBillingAddress()[pri:0, instance:com.crm.tests.CreateAccountTestScripts@783a467b]" started-at="2021-08-17T15:14:22 IST" name="createAccountWithBillingAddress" description="It creates account with billing address" finished-at="2021-08-17T15:14:30 IST" duration-ms="7329" status="PASS">
          <reporter-output>
          </reporter-output>
        </test-method> <!-- createAccountWithBillingAddress -->
        <test-method is-config="true" signature="getResult(org.testng.ITestResult)[pri:0, instance:com.crm.tests.CreateAccountTestScripts@783a467b]" started-at="2021-08-17T15:14:30 IST" name="getResult" finished-at="2021-08-17T15:14:30 IST" duration-ms="4" status="PASS">
          <params>
            <param index="0">
              <value>
                <![CDATA[[TestResult name=createAccountWithBillingAddress status=SUCCESS method=CreateAccountTestScripts.createAccountWithBillingAddress()[pri:0, instance:com.crm.tests.CreateAccountTestScripts@783a467b] output={null}]]]>
              </value>
            </param>
          </params>
          <reporter-output>
          </reporter-output>
        </test-method> <!-- getResult -->
        <test-method signature="createAccountWithBillingAdressAndShippingAddress()[pri:1, instance:com.crm.tests.CreateAccountTestScripts@783a467b]" started-at="2021-08-17T15:14:30 IST" name="createAccountWithBillingAdressAndShippingAddress" description="This test case creates account with billing and shipping address" finished-at="2021-08-17T15:14:30 IST" duration-ms="798" status="PASS">
          <reporter-output>
          </reporter-output>
        </test-method> <!-- createAccountWithBillingAdressAndShippingAddress -->
        <test-method is-config="true" signature="getResult(org.testng.ITestResult)[pri:0, instance:com.crm.tests.CreateAccountTestScripts@783a467b]" started-at="2021-08-17T15:14:30 IST" name="getResult" finished-at="2021-08-17T15:14:30 IST" duration-ms="1" status="PASS">
          <params>
            <param index="0">
              <value>
                <![CDATA[[TestResult name=createAccountWithBillingAdressAndShippingAddress status=SUCCESS method=CreateAccountTestScripts.createAccountWithBillingAdressAndShippingAddress()[pri:1, instance:com.crm.tests.CreateAccountTestScripts@783a467b] output={null}]]]>
              </value>
            </param>
          </params>
          <reporter-output>
          </reporter-output>
        </test-method> <!-- getResult -->
        <test-method is-config="true" signature="tearDown()[pri:0, instance:com.crm.tests.CreateAccountTestScripts@783a467b]" started-at="2021-08-17T15:14:30 IST" name="tearDown" finished-at="2021-08-17T15:14:31 IST" duration-ms="602" status="PASS">
          <reporter-output>
          </reporter-output>
        </test-method> <!-- tearDown -->
      </class> <!-- com.crm.tests.CreateAccountTestScripts -->
    </test> <!-- Crm Create Account Test -->
  </suite> <!-- Crm Regression suite -->
</testng-results>
